[4.467s] DEBUG:colcon:Command line arguments: ['/usr/bin/colcon', 'build']
[4.467s] DEBUG:colcon:Parsed command line arguments: Namespace(log_base=None, log_level=None, verb_name='build', build_base='build', install_base='install', merge_install=False, symlink_install=False, test_result_base=None, continue_on_error=False, executor='parallel', parallel_workers=8, event_handlers=None, ignore_user_meta=False, metas=['./colcon.meta'], base_paths=['.'], packages_ignore=None, packages_ignore_regex=None, paths=None, packages_up_to=None, packages_up_to_regex=None, packages_above=None, packages_above_and_dependencies=None, packages_above_depth=None, packages_select_by_dep=None, packages_skip_by_dep=None, packages_skip_up_to=None, packages_select_build_failed=False, packages_skip_build_finished=False, packages_select_test_failures=False, packages_skip_test_passed=False, packages_select=None, packages_skip=None, packages_select_regex=None, packages_skip_regex=None, packages_start=None, packages_end=None, allow_overriding=[], cmake_args=None, cmake_target=None, cmake_target_skip_unavailable=False, cmake_clean_cache=False, cmake_clean_first=False, cmake_force_configure=False, ament_cmake_args=None, catkin_cmake_args=None, catkin_skip_building_tests=False, verb_parser=<colcon_defaults.argument_parser.defaults.DefaultArgumentsDecorator object at 0x7bd1b0d5eec0>, verb_extension=<colcon_core.verb.build.BuildVerb object at 0x7bd1b0d5d420>, main=<bound method BuildVerb.main of <colcon_core.verb.build.BuildVerb object at 0x7bd1b0d5d420>>)
[5.040s] Level 1:colcon.colcon_core.package_discovery:discover_packages(colcon_meta) check parameters
[5.040s] Level 1:colcon.colcon_core.package_discovery:discover_packages(recursive) check parameters
[5.040s] Level 1:colcon.colcon_core.package_discovery:discover_packages(ignore) check parameters
[5.040s] Level 1:colcon.colcon_core.package_discovery:discover_packages(path) check parameters
[5.040s] Level 1:colcon.colcon_core.package_discovery:discover_packages(colcon_meta) discover
[5.040s] Level 1:colcon.colcon_core.package_discovery:discover_packages(recursive) discover
[5.040s] INFO:colcon.colcon_core.package_discovery:Crawling recursively for packages in '/home/ausaaf/hand_ws'
[5.040s] Level 1:colcon.colcon_core.package_identification:_identify(.) by extensions ['ignore', 'ignore_ament_install']
[5.040s] Level 1:colcon.colcon_core.package_identification:_identify(.) by extension 'ignore'
[5.040s] Level 1:colcon.colcon_core.package_identification:_identify(.) by extension 'ignore_ament_install'
[5.040s] Level 1:colcon.colcon_core.package_identification:_identify(.) by extensions ['colcon_pkg']
[5.041s] Level 1:colcon.colcon_core.package_identification:_identify(.) by extension 'colcon_pkg'
[5.041s] Level 1:colcon.colcon_core.package_identification:_identify(.) by extensions ['colcon_meta']
[5.041s] Level 1:colcon.colcon_core.package_identification:_identify(.) by extension 'colcon_meta'
[5.041s] Level 1:colcon.colcon_core.package_identification:_identify(.) by extensions ['ros']
[5.041s] Level 1:colcon.colcon_core.package_identification:_identify(.) by extension 'ros'
[5.085s] Level 1:colcon.colcon_core.package_identification:_identify(.) by extensions ['cmake', 'python']
[5.085s] Level 1:colcon.colcon_core.package_identification:_identify(.) by extension 'cmake'
[5.085s] Level 1:colcon.colcon_core.package_identification:_identify(.) by extension 'python'
[5.085s] Level 1:colcon.colcon_core.package_identification:_identify(.) by extensions ['python_setup_py']
[5.085s] Level 1:colcon.colcon_core.package_identification:_identify(.) by extension 'python_setup_py'
[5.085s] Level 1:colcon.colcon_core.package_identification:_identify(build) by extensions ['ignore', 'ignore_ament_install']
[5.085s] Level 1:colcon.colcon_core.package_identification:_identify(build) by extension 'ignore'
[5.085s] Level 1:colcon.colcon_core.package_identification:_identify(build) ignored
[5.086s] Level 1:colcon.colcon_core.package_identification:_identify(install) by extensions ['ignore', 'ignore_ament_install']
[5.086s] Level 1:colcon.colcon_core.package_identification:_identify(install) by extension 'ignore'
[5.086s] Level 1:colcon.colcon_core.package_identification:_identify(install) ignored
[5.086s] Level 1:colcon.colcon_core.package_identification:_identify(log) by extensions ['ignore', 'ignore_ament_install']
[5.086s] Level 1:colcon.colcon_core.package_identification:_identify(log) by extension 'ignore'
[5.086s] Level 1:colcon.colcon_core.package_identification:_identify(log) ignored
[5.100s] Level 1:colcon.colcon_core.package_identification:_identify(src) by extensions ['ignore', 'ignore_ament_install']
[5.100s] Level 1:colcon.colcon_core.package_identification:_identify(src) by extension 'ignore'
[5.101s] Level 1:colcon.colcon_core.package_identification:_identify(src) by extension 'ignore_ament_install'
[5.101s] Level 1:colcon.colcon_core.package_identification:_identify(src) by extensions ['colcon_pkg']
[5.101s] Level 1:colcon.colcon_core.package_identification:_identify(src) by extension 'colcon_pkg'
[5.101s] Level 1:colcon.colcon_core.package_identification:_identify(src) by extensions ['colcon_meta']
[5.101s] Level 1:colcon.colcon_core.package_identification:_identify(src) by extension 'colcon_meta'
[5.101s] Level 1:colcon.colcon_core.package_identification:_identify(src) by extensions ['ros']
[5.101s] Level 1:colcon.colcon_core.package_identification:_identify(src) by extension 'ros'
[5.101s] Level 1:colcon.colcon_core.package_identification:_identify(src) by extensions ['cmake', 'python']
[5.101s] Level 1:colcon.colcon_core.package_identification:_identify(src) by extension 'cmake'
[5.101s] Level 1:colcon.colcon_core.package_identification:_identify(src) by extension 'python'
[5.101s] Level 1:colcon.colcon_core.package_identification:_identify(src) by extensions ['python_setup_py']
[5.101s] Level 1:colcon.colcon_core.package_identification:_identify(src) by extension 'python_setup_py'
[5.111s] Level 1:colcon.colcon_core.package_identification:_identify(src/build) by extensions ['ignore', 'ignore_ament_install']
[5.111s] Level 1:colcon.colcon_core.package_identification:_identify(src/build) by extension 'ignore'
[5.111s] Level 1:colcon.colcon_core.package_identification:_identify(src/build) ignored
[5.122s] Level 1:colcon.colcon_core.package_identification:_identify(src/hand_pkg) by extensions ['ignore', 'ignore_ament_install']
[5.123s] Level 1:colcon.colcon_core.package_identification:_identify(src/hand_pkg) by extension 'ignore'
[5.123s] Level 1:colcon.colcon_core.package_identification:_identify(src/hand_pkg) by extension 'ignore_ament_install'
[5.123s] Level 1:colcon.colcon_core.package_identification:_identify(src/hand_pkg) by extensions ['colcon_pkg']
[5.123s] Level 1:colcon.colcon_core.package_identification:_identify(src/hand_pkg) by extension 'colcon_pkg'
[5.123s] Level 1:colcon.colcon_core.package_identification:_identify(src/hand_pkg) by extensions ['colcon_meta']
[5.123s] Level 1:colcon.colcon_core.package_identification:_identify(src/hand_pkg) by extension 'colcon_meta'
[5.123s] Level 1:colcon.colcon_core.package_identification:_identify(src/hand_pkg) by extensions ['ros']
[5.123s] Level 1:colcon.colcon_core.package_identification:_identify(src/hand_pkg) by extension 'ros'
[5.159s] DEBUG:colcon.colcon_core.package_identification:Package 'src/hand_pkg' with type 'ros.ament_python' and name 'hand_pkg'
[5.160s] Level 1:colcon.colcon_core.package_identification:_identify(src/install) by extensions ['ignore', 'ignore_ament_install']
[5.160s] Level 1:colcon.colcon_core.package_identification:_identify(src/install) by extension 'ignore'
[5.160s] Level 1:colcon.colcon_core.package_identification:_identify(src/install) ignored
[5.176s] Level 1:colcon.colcon_core.package_identification:_identify(src/log) by extensions ['ignore', 'ignore_ament_install']
[5.176s] Level 1:colcon.colcon_core.package_identification:_identify(src/log) by extension 'ignore'
[5.177s] Level 1:colcon.colcon_core.package_identification:_identify(src/log) ignored
[5.177s] Level 1:colcon.colcon_core.package_discovery:discover_packages(recursive) using defaults
[5.177s] Level 1:colcon.colcon_core.package_discovery:discover_packages(ignore) discover
[5.177s] Level 1:colcon.colcon_core.package_discovery:discover_packages(ignore) using defaults
[5.177s] Level 1:colcon.colcon_core.package_discovery:discover_packages(path) discover
[5.177s] Level 1:colcon.colcon_core.package_discovery:discover_packages(path) using defaults
[5.447s] Level 1:colcon.colcon_core.package_discovery:discover_packages(prefix_path) check parameters
[5.447s] Level 1:colcon.colcon_core.package_discovery:discover_packages(prefix_path) discover
[5.533s] DEBUG:colcon.colcon_installed_package_information.package_discovery:Found 2 installed packages in /home/ausaaf/swarm_ws/install
[5.545s] DEBUG:colcon.colcon_installed_package_information.package_discovery:Found 1 installed packages in /home/ausaaf/ros2_ws/install
[5.558s] DEBUG:colcon.colcon_installed_package_information.package_discovery:Found 331 installed packages in /opt/ros/humble
[5.559s] Level 1:colcon.colcon_core.package_discovery:discover_packages(prefix_path) using defaults
[5.681s] Level 5:colcon.colcon_core.verb:set package 'hand_pkg' build argument 'cmake_args' from command line to 'None'
[5.681s] Level 5:colcon.colcon_core.verb:set package 'hand_pkg' build argument 'cmake_target' from command line to 'None'
[5.681s] Level 5:colcon.colcon_core.verb:set package 'hand_pkg' build argument 'cmake_target_skip_unavailable' from command line to 'False'
[5.681s] Level 5:colcon.colcon_core.verb:set package 'hand_pkg' build argument 'cmake_clean_cache' from command line to 'False'
[5.681s] Level 5:colcon.colcon_core.verb:set package 'hand_pkg' build argument 'cmake_clean_first' from command line to 'False'
[5.681s] Level 5:colcon.colcon_core.verb:set package 'hand_pkg' build argument 'cmake_force_configure' from command line to 'False'
[5.681s] Level 5:colcon.colcon_core.verb:set package 'hand_pkg' build argument 'ament_cmake_args' from command line to 'None'
[5.681s] Level 5:colcon.colcon_core.verb:set package 'hand_pkg' build argument 'catkin_cmake_args' from command line to 'None'
[5.681s] Level 5:colcon.colcon_core.verb:set package 'hand_pkg' build argument 'catkin_skip_building_tests' from command line to 'False'
[5.681s] DEBUG:colcon.colcon_core.verb:Building package 'hand_pkg' with the following arguments: {'ament_cmake_args': None, 'build_base': '/home/ausaaf/hand_ws/build/hand_pkg', 'catkin_cmake_args': None, 'catkin_skip_building_tests': False, 'cmake_args': None, 'cmake_clean_cache': False, 'cmake_clean_first': False, 'cmake_force_configure': False, 'cmake_target': None, 'cmake_target_skip_unavailable': False, 'install_base': '/home/ausaaf/hand_ws/install/hand_pkg', 'merge_install': False, 'path': '/home/ausaaf/hand_ws/src/hand_pkg', 'symlink_install': False, 'test_result_base': None}
[5.693s] INFO:colcon.colcon_core.executor:Executing jobs using 'parallel' executor
[5.706s] DEBUG:colcon.colcon_parallel_executor.executor.parallel:run_until_complete
[5.706s] INFO:colcon.colcon_ros.task.ament_python.build:Building ROS package in '/home/ausaaf/hand_ws/src/hand_pkg' with build type 'ament_python'
[5.706s] Level 1:colcon.colcon_core.shell:create_environment_hook('hand_pkg', 'ament_prefix_path')
[5.724s] INFO:colcon.colcon_core.plugin_system:Skipping extension 'colcon_core.shell.bat': Not used on non-Windows systems
[5.724s] INFO:colcon.colcon_core.shell:Creating environment hook '/home/ausaaf/hand_ws/install/hand_pkg/share/hand_pkg/hook/ament_prefix_path.ps1'
[5.725s] INFO:colcon.colcon_core.shell:Creating environment descriptor '/home/ausaaf/hand_ws/install/hand_pkg/share/hand_pkg/hook/ament_prefix_path.dsv'
[5.785s] INFO:colcon.colcon_core.shell:Creating environment hook '/home/ausaaf/hand_ws/install/hand_pkg/share/hand_pkg/hook/ament_prefix_path.sh'
[5.809s] INFO:colcon.colcon_core.shell:Skip shell extension 'powershell' for command environment: Not usable outside of PowerShell
[5.809s] DEBUG:colcon.colcon_core.shell:Skip shell extension 'dsv' for command environment
[6.115s] INFO:colcon.colcon_core.task.python.build:Building Python package in '/home/ausaaf/hand_ws/src/hand_pkg'
[6.128s] INFO:colcon.colcon_core.shell:Skip shell extension 'powershell' for command environment: Not usable outside of PowerShell
[6.128s] DEBUG:colcon.colcon_core.shell:Skip shell extension 'dsv' for command environment
[6.929s] DEBUG:colcon.colcon_core.event_handler.log_command:Invoking command in '/home/ausaaf/hand_ws/src/hand_pkg': PYTHONPATH=/home/ausaaf/hand_ws/build/hand_pkg/prefix_override:/home/ausaaf/hand_ws/install/hand_pkg/lib/python3.10/site-packages:${PYTHONPATH} /usr/bin/python3 setup.py egg_info --egg-base ../../build/hand_pkg build --build-base /home/ausaaf/hand_ws/build/hand_pkg/build install --record /home/ausaaf/hand_ws/build/hand_pkg/install.log --single-version-externally-managed
[7.344s] DEBUG:colcon.colcon_core.event_handler.log_command:Invoked command in '/home/ausaaf/hand_ws/src/hand_pkg' returned '0': PYTHONPATH=/home/ausaaf/hand_ws/build/hand_pkg/prefix_override:/home/ausaaf/hand_ws/install/hand_pkg/lib/python3.10/site-packages:${PYTHONPATH} /usr/bin/python3 setup.py egg_info --egg-base ../../build/hand_pkg build --build-base /home/ausaaf/hand_ws/build/hand_pkg/build install --record /home/ausaaf/hand_ws/build/hand_pkg/install.log --single-version-externally-managed
[7.399s] Level 1:colcon.colcon_core.environment:checking '/home/ausaaf/hand_ws/install/hand_pkg' for CMake module files
[7.400s] Level 1:colcon.colcon_core.environment:checking '/home/ausaaf/hand_ws/install/hand_pkg' for CMake config files
[7.445s] Level 1:colcon.colcon_core.environment:checking '/home/ausaaf/hand_ws/install/hand_pkg/lib'
[7.446s] Level 1:colcon.colcon_core.environment:checking '/home/ausaaf/hand_ws/install/hand_pkg/bin'
[7.446s] Level 1:colcon.colcon_core.environment:checking '/home/ausaaf/hand_ws/install/hand_pkg/lib/pkgconfig/hand_pkg.pc'
[7.447s] Level 1:colcon.colcon_core.environment:checking '/home/ausaaf/hand_ws/install/hand_pkg/lib/python3.10/site-packages'
[7.447s] Level 1:colcon.colcon_core.shell:create_environment_hook('hand_pkg', 'pythonpath')
[7.471s] INFO:colcon.colcon_core.shell:Creating environment hook '/home/ausaaf/hand_ws/install/hand_pkg/share/hand_pkg/hook/pythonpath.ps1'
[7.471s] INFO:colcon.colcon_core.shell:Creating environment descriptor '/home/ausaaf/hand_ws/install/hand_pkg/share/hand_pkg/hook/pythonpath.dsv'
[7.471s] INFO:colcon.colcon_core.shell:Creating environment hook '/home/ausaaf/hand_ws/install/hand_pkg/share/hand_pkg/hook/pythonpath.sh'
[7.472s] Level 1:colcon.colcon_core.environment:checking '/home/ausaaf/hand_ws/install/hand_pkg/bin'
[7.472s] Level 1:colcon.colcon_core.environment:create_environment_scripts_only(hand_pkg)
[7.484s] INFO:colcon.colcon_core.shell:Creating package script '/home/ausaaf/hand_ws/install/hand_pkg/share/hand_pkg/package.ps1'
[7.485s] INFO:colcon.colcon_core.shell:Creating package descriptor '/home/ausaaf/hand_ws/install/hand_pkg/share/hand_pkg/package.dsv'
[7.486s] INFO:colcon.colcon_core.shell:Creating package script '/home/ausaaf/hand_ws/install/hand_pkg/share/hand_pkg/package.sh'
[7.486s] INFO:colcon.colcon_core.shell:Creating package script '/home/ausaaf/hand_ws/install/hand_pkg/share/hand_pkg/package.bash'
[7.487s] INFO:colcon.colcon_core.shell:Creating package script '/home/ausaaf/hand_ws/install/hand_pkg/share/hand_pkg/package.zsh'
[7.522s] Level 1:colcon.colcon_core.environment:create_file_with_runtime_dependencies(/home/ausaaf/hand_ws/install/hand_pkg/share/colcon-core/packages/hand_pkg)
[7.523s] DEBUG:colcon.colcon_parallel_executor.executor.parallel:closing loop
[7.523s] DEBUG:colcon.colcon_parallel_executor.executor.parallel:loop closed
[7.523s] DEBUG:colcon.colcon_parallel_executor.executor.parallel:run_until_complete finished with '0'
[7.523s] DEBUG:colcon.colcon_core.event_reactor:joining thread
[7.617s] INFO:colcon.colcon_core.plugin_system:Skipping extension 'colcon_notification.desktop_notification.terminal_notifier': Not used on non-Darwin systems
[7.617s] INFO:colcon.colcon_core.plugin_system:Skipping extension 'colcon_notification.desktop_notification.win32': Not used on non-Windows systems
[7.617s] INFO:colcon.colcon_notification.desktop_notification:Sending desktop notification using 'notify2'
[7.645s] DEBUG:colcon.colcon_core.event_reactor:joined thread
[7.659s] INFO:colcon.colcon_core.shell:Creating prefix script '/home/ausaaf/hand_ws/install/local_setup.ps1'
[7.660s] INFO:colcon.colcon_core.shell:Creating prefix util module '/home/ausaaf/hand_ws/install/_local_setup_util_ps1.py'
[7.664s] INFO:colcon.colcon_core.shell:Creating prefix chain script '/home/ausaaf/hand_ws/install/setup.ps1'
[7.680s] INFO:colcon.colcon_core.shell:Creating prefix script '/home/ausaaf/hand_ws/install/local_setup.sh'
[7.681s] INFO:colcon.colcon_core.shell:Creating prefix util module '/home/ausaaf/hand_ws/install/_local_setup_util_sh.py'
[7.681s] INFO:colcon.colcon_core.shell:Creating prefix chain script '/home/ausaaf/hand_ws/install/setup.sh'
[7.696s] INFO:colcon.colcon_core.shell:Creating prefix script '/home/ausaaf/hand_ws/install/local_setup.bash'
[7.697s] INFO:colcon.colcon_core.shell:Creating prefix chain script '/home/ausaaf/hand_ws/install/setup.bash'
[7.712s] INFO:colcon.colcon_core.shell:Creating prefix script '/home/ausaaf/hand_ws/install/local_setup.zsh'
[7.712s] INFO:colcon.colcon_core.shell:Creating prefix chain script '/home/ausaaf/hand_ws/install/setup.zsh'
