[0.718s] Invoking command in '/home/ausaaf/hand_ws/src/hand_pkg': PYTHONPATH=/home/ausaaf/hand_ws/src/build/hand_pkg/prefix_override:/home/ausaaf/hand_ws/src/install/hand_pkg/lib/python3.10/site-packages:${PYTHONPATH} /usr/bin/python3 setup.py egg_info --egg-base ../build/hand_pkg build --build-base /home/ausaaf/hand_ws/src/build/hand_pkg/build install --record /home/ausaaf/hand_ws/src/build/hand_pkg/install.log --single-version-externally-managed
[0.922s] running egg_info
[0.923s] writing ../build/hand_pkg/hand_pkg.egg-info/PKG-INFO
[0.924s] writing dependency_links to ../build/hand_pkg/hand_pkg.egg-info/dependency_links.txt
[0.924s] writing entry points to ../build/hand_pkg/hand_pkg.egg-info/entry_points.txt
[0.924s] writing requirements to ../build/hand_pkg/hand_pkg.egg-info/requires.txt
[0.924s] writing top-level names to ../build/hand_pkg/hand_pkg.egg-info/top_level.txt
[0.926s] reading manifest file '../build/hand_pkg/hand_pkg.egg-info/SOURCES.txt'
[0.927s] writing manifest file '../build/hand_pkg/hand_pkg.egg-info/SOURCES.txt'
[0.927s] running build
[0.927s] running build_py
[0.927s] copying hand_pkg/send_hand.py -> /home/ausaaf/hand_ws/src/build/hand_pkg/build/lib/hand_pkg
[0.928s] running install
[0.928s] /usr/lib/python3/dist-packages/setuptools/command/install.py:34: SetuptoolsDeprecationWarning: setup.py install is deprecated. Use build and pip and other standards-based tools.
[0.928s]   warnings.warn(
[0.928s] running install_lib
[0.930s] copying /home/ausaaf/hand_ws/src/build/hand_pkg/build/lib/hand_pkg/send_hand.py -> /home/ausaaf/hand_ws/src/install/hand_pkg/lib/python3.10/site-packages/hand_pkg
[0.931s] byte-compiling /home/ausaaf/hand_ws/src/install/hand_pkg/lib/python3.10/site-packages/hand_pkg/send_hand.py to send_hand.cpython-310.pyc
[0.932s] running install_data
[0.933s] running install_egg_info
[0.936s] removing '/home/ausaaf/hand_ws/src/install/hand_pkg/lib/python3.10/site-packages/hand_pkg-0.0.0-py3.10.egg-info' (and everything under it)
[0.936s] Copying ../build/hand_pkg/hand_pkg.egg-info to /home/ausaaf/hand_ws/src/install/hand_pkg/lib/python3.10/site-packages/hand_pkg-0.0.0-py3.10.egg-info
[0.937s] running install_scripts
[0.955s] Installing get_hand script to /home/ausaaf/hand_ws/src/install/hand_pkg/lib/hand_pkg
[0.955s] writing list of installed files to '/home/ausaaf/hand_ws/src/build/hand_pkg/install.log'
[0.977s] Invoked command in '/home/ausaaf/hand_ws/src/hand_pkg' returned '0': PYTHONPATH=/home/ausaaf/hand_ws/src/build/hand_pkg/prefix_override:/home/ausaaf/hand_ws/src/install/hand_pkg/lib/python3.10/site-packages:${PYTHONPATH} /usr/bin/python3 setup.py egg_info --egg-base ../build/hand_pkg build --build-base /home/ausaaf/hand_ws/src/build/hand_pkg/build install --record /home/ausaaf/hand_ws/src/build/hand_pkg/install.log --single-version-externally-managed
