[1.222s] Invoking command in '/home/ausaaf/hand_ws/src/hand_pkg': PYTHONPATH=/home/ausaaf/hand_ws/build/hand_pkg/prefix_override:/home/ausaaf/hand_ws/install/hand_pkg/lib/python3.10/site-packages:${PYTHONPATH} /usr/bin/python3 setup.py egg_info --egg-base ../../build/hand_pkg build --build-base /home/ausaaf/hand_ws/build/hand_pkg/build install --record /home/ausaaf/hand_ws/build/hand_pkg/install.log --single-version-externally-managed
[1.444s] running egg_info
[1.444s] writing ../../build/hand_pkg/hand_pkg.egg-info/PKG-INFO
[1.445s] writing dependency_links to ../../build/hand_pkg/hand_pkg.egg-info/dependency_links.txt
[1.446s] writing entry points to ../../build/hand_pkg/hand_pkg.egg-info/entry_points.txt
[1.446s] writing requirements to ../../build/hand_pkg/hand_pkg.egg-info/requires.txt
[1.446s] writing top-level names to ../../build/hand_pkg/hand_pkg.egg-info/top_level.txt
[1.449s] reading manifest file '../../build/hand_pkg/hand_pkg.egg-info/SOURCES.txt'
[1.450s] writing manifest file '../../build/hand_pkg/hand_pkg.egg-info/SOURCES.txt'
[1.450s] running build
[1.450s] running build_py
[1.504s] copying hand_pkg/send_hand.py -> /home/ausaaf/hand_ws/build/hand_pkg/build/lib/hand_pkg
[1.509s] copying hand_pkg/hand_test.py -> /home/ausaaf/hand_ws/build/hand_pkg/build/lib/hand_pkg
[1.536s] running install
[1.551s] /usr/lib/python3/dist-packages/setuptools/command/install.py:34: SetuptoolsDeprecationWarning: setup.py install is deprecated. Use build and pip and other standards-based tools.
[1.551s]   warnings.warn(
[1.552s] running install_lib
[1.582s] copying /home/ausaaf/hand_ws/build/hand_pkg/build/lib/hand_pkg/send_hand.py -> /home/ausaaf/hand_ws/install/hand_pkg/lib/python3.10/site-packages/hand_pkg
[1.583s] copying /home/ausaaf/hand_ws/build/hand_pkg/build/lib/hand_pkg/hand_test.py -> /home/ausaaf/hand_ws/install/hand_pkg/lib/python3.10/site-packages/hand_pkg
[1.584s] byte-compiling /home/ausaaf/hand_ws/install/hand_pkg/lib/python3.10/site-packages/hand_pkg/send_hand.py to send_hand.cpython-310.pyc
[1.585s] byte-compiling /home/ausaaf/hand_ws/install/hand_pkg/lib/python3.10/site-packages/hand_pkg/hand_test.py to hand_test.cpython-310.pyc
[1.587s] running install_data
[1.589s] running install_egg_info
[1.594s] removing '/home/ausaaf/hand_ws/install/hand_pkg/lib/python3.10/site-packages/hand_pkg-0.0.0-py3.10.egg-info' (and everything under it)
[1.594s] Copying ../../build/hand_pkg/hand_pkg.egg-info to /home/ausaaf/hand_ws/install/hand_pkg/lib/python3.10/site-packages/hand_pkg-0.0.0-py3.10.egg-info
[1.596s] running install_scripts
[1.615s] Installing get_hand script to /home/ausaaf/hand_ws/install/hand_pkg/lib/hand_pkg
[1.616s] writing list of installed files to '/home/ausaaf/hand_ws/build/hand_pkg/install.log'
[1.637s] Invoked command in '/home/ausaaf/hand_ws/src/hand_pkg' returned '0': PYTHONPATH=/home/ausaaf/hand_ws/build/hand_pkg/prefix_override:/home/ausaaf/hand_ws/install/hand_pkg/lib/python3.10/site-packages:${PYTHONPATH} /usr/bin/python3 setup.py egg_info --egg-base ../../build/hand_pkg build --build-base /home/ausaaf/hand_ws/build/hand_pkg/build install --record /home/ausaaf/hand_ws/build/hand_pkg/install.log --single-version-externally-managed
