[0.754s] Invoking command in '/home/ausaaf/hand_ws/src/hand_pkg': PYTHONPATH=/home/ausaaf/hand_ws/src/build/hand_pkg/prefix_override:/home/ausaaf/hand_ws/src/install/hand_pkg/lib/python3.10/site-packages:${PYTHONPATH} /usr/bin/python3 setup.py egg_info --egg-base ../build/hand_pkg build --build-base /home/ausaaf/hand_ws/src/build/hand_pkg/build install --record /home/ausaaf/hand_ws/src/build/hand_pkg/install.log --single-version-externally-managed
[0.960s] running egg_info
[0.960s] writing ../build/hand_pkg/hand_pkg.egg-info/PKG-INFO
[0.961s] writing dependency_links to ../build/hand_pkg/hand_pkg.egg-info/dependency_links.txt
[0.961s] writing entry points to ../build/hand_pkg/hand_pkg.egg-info/entry_points.txt
[0.961s] writing requirements to ../build/hand_pkg/hand_pkg.egg-info/requires.txt
[0.961s] writing top-level names to ../build/hand_pkg/hand_pkg.egg-info/top_level.txt
[0.962s] reading manifest file '../build/hand_pkg/hand_pkg.egg-info/SOURCES.txt'
[0.963s] writing manifest file '../build/hand_pkg/hand_pkg.egg-info/SOURCES.txt'
[0.963s] running build
[0.963s] running build_py
[0.963s] copying hand_pkg/send_hand.py -> /home/ausaaf/hand_ws/src/build/hand_pkg/build/lib/hand_pkg
[0.963s] copying hand_pkg/hand_test.py -> /home/ausaaf/hand_ws/src/build/hand_pkg/build/lib/hand_pkg
[0.964s] running install
[0.964s] /usr/lib/python3/dist-packages/setuptools/command/install.py:34: SetuptoolsDeprecationWarning: setup.py install is deprecated. Use build and pip and other standards-based tools.
[0.964s]   warnings.warn(
[0.964s] running install_lib
[0.965s] copying /home/ausaaf/hand_ws/src/build/hand_pkg/build/lib/hand_pkg/send_hand.py -> /home/ausaaf/hand_ws/src/install/hand_pkg/lib/python3.10/site-packages/hand_pkg
[0.966s] copying /home/ausaaf/hand_ws/src/build/hand_pkg/build/lib/hand_pkg/hand_test.py -> /home/ausaaf/hand_ws/src/install/hand_pkg/lib/python3.10/site-packages/hand_pkg
[0.966s] byte-compiling /home/ausaaf/hand_ws/src/install/hand_pkg/lib/python3.10/site-packages/hand_pkg/send_hand.py to send_hand.cpython-310.pyc
[0.967s] byte-compiling /home/ausaaf/hand_ws/src/install/hand_pkg/lib/python3.10/site-packages/hand_pkg/hand_test.py to hand_test.cpython-310.pyc
[0.968s] running install_data
[0.969s] running install_egg_info
[0.971s] removing '/home/ausaaf/hand_ws/src/install/hand_pkg/lib/python3.10/site-packages/hand_pkg-0.0.0-py3.10.egg-info' (and everything under it)
[0.971s] Copying ../build/hand_pkg/hand_pkg.egg-info to /home/ausaaf/hand_ws/src/install/hand_pkg/lib/python3.10/site-packages/hand_pkg-0.0.0-py3.10.egg-info
[0.972s] running install_scripts
[0.989s] Installing get_hand script to /home/ausaaf/hand_ws/src/install/hand_pkg/lib/hand_pkg
[0.990s] writing list of installed files to '/home/ausaaf/hand_ws/src/build/hand_pkg/install.log'
[1.010s] Invoked command in '/home/ausaaf/hand_ws/src/hand_pkg' returned '0': PYTHONPATH=/home/ausaaf/hand_ws/src/build/hand_pkg/prefix_override:/home/ausaaf/hand_ws/src/install/hand_pkg/lib/python3.10/site-packages:${PYTHONPATH} /usr/bin/python3 setup.py egg_info --egg-base ../build/hand_pkg build --build-base /home/ausaaf/hand_ws/src/build/hand_pkg/build install --record /home/ausaaf/hand_ws/src/build/hand_pkg/install.log --single-version-externally-managed
